<?xml version="1.0" encoding="UTF-8"?>
<!-- Generated by org.testng.reporters.JUnitXMLReporter -->
<testsuite ignored="0" hostname="DESKTOP-24VCBV6" failures="0" tests="7" name="XYZ-Bank" time="5.785" errors="0" timestamp="2024-07-20T23:41:18 EET">
  <testcase classname="testCases.TC01_CustomerLogin" name="LoginOnCustomerPage" time="0.984"/>
  <testcase classname="testCases.TC01_CustomerLogin" name="openCustomerPage" time="0.533"/>
  <testcase classname="testCases.TC01_CustomerLogin" name="getResultData" time="0.118"/>
  <testcase classname="testCases.TC01_CustomerLogin" name="addDeposit" time="0.379"/>
  <testcase classname="testCases.TC01_CustomerLogin" name="openWithDraw" time="0.383"/>
  <testcase classname="testCases.TC01_CustomerLogin" name="enterAmountOfWithDraw" time="0.16"/>
  <testcase classname="testCases.TC01_CustomerLogin" name="logOut" time="0.067"/>
</testsuite> <!-- XYZ-Bank -->
