<?xml version="1.0" encoding="UTF-8"?>
<!-- Generated by org.testng.reporters.JUnitXMLReporter -->
<testsuite ignored="0" hostname="DESKTOP-24VCBV6" failures="0" tests="7" name="Relater to customer Login" time="7.324" errors="0" timestamp="2024-07-21T22:31:35 EET">
  <testcase classname="testCases.TC01_CustomerLogin" name="LoginOnCustomerPage" time="2.375"/>
  <testcase classname="testCases.TC01_CustomerLogin" name="openCustomerPage" time="0.628"/>
  <testcase classname="testCases.TC01_CustomerLogin" name="getResultData" time="0.18"/>
  <testcase classname="testCases.TC01_CustomerLogin" name="addDeposit" time="0.503"/>
  <testcase classname="testCases.TC01_CustomerLogin" name="openWithDraw" time="0.459"/>
  <testcase classname="testCases.TC01_CustomerLogin" name="enterAmountOfWithDraw" time="0.298"/>
  <testcase classname="testCases.TC01_CustomerLogin" name="logOut" time="0.108"/>
</testsuite> <!-- Relater to customer Login -->
