<?xml version="1.0" encoding="UTF-8"?>
<!-- Generated by org.testng.reporters.JUnitXMLReporter -->
<testsuite ignored="0" hostname="DESKTOP-24VCBV6" failures="0" tests="6" name="Related to Bank" time="7.877" errors="0" timestamp="2024-07-21T22:31:27 EET">
  <testcase classname="testCases.TC02_ManagerBank" name="clickOnBankManagerPage" time="0.561"/>
  <testcase classname="testCases.TC02_ManagerBank" name="addNewCustomer" time="1.008"/>
  <testcase classname="testCases.TC02_ManagerBank" name="clickOnOpenAccount" time="0.413"/>
  <testcase classname="testCases.TC02_ManagerBank" name="openNewAccount" time="0.58"/>
  <testcase classname="testCases.TC02_ManagerBank" name="clickOnCustomers" time="0.534"/>
  <testcase classname="testCases.TC02_ManagerBank" name="returnHome" time="0.12"/>
</testsuite> <!-- Related to Bank -->
