<?xml version="1.0" encoding="UTF-8"?>
<!-- Generated by org.testng.reporters.JUnitXMLReporter -->
<testsuite ignored="0" hostname="DESKTOP-24VCBV6" failures="0" tests="7" name="Relater to customer Login" time="19.229" errors="0" timestamp="2024-07-21T22:32:11 EET">
  <testcase classname="testCases.TC01_CustomerLogin" name="LoginOnCustomerPage" time="1.796"/>
  <testcase classname="testCases.TC01_CustomerLogin" name="openCustomerPage" time="1.528"/>
  <testcase classname="testCases.TC01_CustomerLogin" name="getResultData" time="0.735"/>
  <testcase classname="testCases.TC01_CustomerLogin" name="addDeposit" time="0.498"/>
  <testcase classname="testCases.TC01_CustomerLogin" name="openWithDraw" time="0.462"/>
  <testcase classname="testCases.TC01_CustomerLogin" name="enterAmountOfWithDraw" time="0.664"/>
  <testcase classname="testCases.TC01_CustomerLogin" name="logOut" time="0.085"/>
</testsuite> <!-- Relater to customer Login -->
