<?xml version="1.0" encoding="UTF-8"?>
<!-- Generated by org.testng.reporters.JUnitXMLReporter -->
<testsuite ignored="0" hostname="DESKTOP-24VCBV6" failures="0" tests="6" name="Related to Bank" time="15.367" errors="0" timestamp="2024-07-21T22:31:51 EET">
  <testcase classname="testCases.TC02_ManagerBank" name="clickOnBankManagerPage" time="0.973"/>
  <testcase classname="testCases.TC02_ManagerBank" name="addNewCustomer" time="1.006"/>
  <testcase classname="testCases.TC02_ManagerBank" name="clickOnOpenAccount" time="0.246"/>
  <testcase classname="testCases.TC02_ManagerBank" name="openNewAccount" time="0.985"/>
  <testcase classname="testCases.TC02_ManagerBank" name="clickOnCustomers" time="0.639"/>
  <testcase classname="testCases.TC02_ManagerBank" name="returnHome" time="0.096"/>
</testsuite> <!-- Related to Bank -->
