<?xml version="1.0" encoding="UTF-8"?>
<!-- Generated by org.testng.reporters.JUnitXMLReporter -->
<testsuite ignored="0" hostname="DESKTOP-24VCBV6" failures="0" tests="6" name="Related to Bank" time="12.835" errors="0" timestamp="2024-07-21T22:23:39 EET">
  <testcase classname="testCases.TC02_ManagerBank" name="clickOnBankManagerPage" time="0.796"/>
  <testcase classname="testCases.TC02_ManagerBank" name="addNewCustomer" time="0.864"/>
  <testcase classname="testCases.TC02_ManagerBank" name="clickOnOpenAccount" time="0.27"/>
  <testcase classname="testCases.TC02_ManagerBank" name="openNewAccount" time="1.066"/>
  <testcase classname="testCases.TC02_ManagerBank" name="clickOnCustomers" time="0.631"/>
  <testcase classname="testCases.TC02_ManagerBank" name="returnHome" time="0.078"/>
</testsuite> <!-- Related to Bank -->
