<?xml version="1.0" encoding="UTF-8"?>
<!-- Generated by org.testng.reporters.JUnitXMLReporter -->
<testsuite ignored="0" hostname="DESKTOP-24VCBV6" failures="0" tests="7" name="Relater to customer Login" time="16.047" errors="0" timestamp="2024-07-21T22:23:56 EET">
  <testcase classname="testCases.TC01_CustomerLogin" name="LoginOnCustomerPage" time="2.363"/>
  <testcase classname="testCases.TC01_CustomerLogin" name="openCustomerPage" time="0.939"/>
  <testcase classname="testCases.TC01_CustomerLogin" name="getResultData" time="0.336"/>
  <testcase classname="testCases.TC01_CustomerLogin" name="addDeposit" time="0.32"/>
  <testcase classname="testCases.TC01_CustomerLogin" name="openWithDraw" time="0.996"/>
  <testcase classname="testCases.TC01_CustomerLogin" name="enterAmountOfWithDraw" time="0.421"/>
  <testcase classname="testCases.TC01_CustomerLogin" name="logOut" time="0.038"/>
</testsuite> <!-- Relater to customer Login -->
